<?xml version="1.0" encoding="UTF-8"?>
<!-- Generated by org.testng.reporters.JUnitReportReporter -->
<testsuite hostname="LAPTOP-2VB02BGJ" failures="0" tests="1" name="JobsApi.JobsApiGetrequest" time="2.297" errors="0" timestamp="2022-03-14T09:11:10 CDT" skipped="0">
  <testcase classname="JobsApi.JobsApiGetrequest" name="get" time="2.297"/>
  <system-out/>
</testsuite> <!-- JobsApi.JobsApiGetrequest -->
