<?xml version="1.0" encoding="UTF-8"?>
<!-- Generated by org.testng.reporters.JUnitReportReporter -->
<testsuite hostname="LAPTOP-2VB02BGJ" failures="0" tests="1" name="com.jobsapi.util.ExcelUtils" time="0.579" errors="0" timestamp="2022-03-09T15:44:19 CST" skipped="0">
  <testcase classname="com.jobsapi.util.ExcelUtils" name="getExcel" time="0.579"/>
  <system-out/>
</testsuite> <!-- com.jobsapi.util.ExcelUtils -->
