<?xml version="1.0" encoding="UTF-8"?>
<!-- Generated by org.testng.reporters.JUnitReportReporter -->
<testsuite hostname="LAPTOP-2VB02BGJ" failures="0" tests="4" name="JobsApi.jobs_ApiDelete" time="2.364" errors="0" timestamp="2022-03-14T10:08:16 CDT" skipped="0">
  <testcase classname="JobsApi.jobs_ApiDelete" name="ReadExcelData" time="1.725"/>
  <system-out/>
  <testcase classname="JobsApi.jobs_ApiDelete" name="ReadExcelData" time="0.214"/>
  <system-out/>
  <testcase classname="JobsApi.jobs_ApiDelete" name="ReadExcelData" time="0.204"/>
  <system-out/>
  <testcase classname="JobsApi.jobs_ApiDelete" name="ReadExcelData" time="0.221"/>
  <system-out/>
</testsuite> <!-- JobsApi.jobs_ApiDelete -->
