<?xml version="1.0" encoding="UTF-8"?>
<!-- Generated by org.testng.reporters.JUnitReportReporter -->
<testsuite hostname="LAPTOP-2VB02BGJ" failures="0" tests="1" name="JobsApi.dummytest" time="1.620" errors="0" timestamp="2022-03-05T08:06:25 CST" skipped="0">
  <testcase classname="JobsApi.dummytest" name="dummytest" time="1.620"/>
  <system-out/>
</testsuite> <!-- JobsApi.dummytest -->
