<?xml version="1.0" encoding="UTF-8"?>
<!-- Generated by org.testng.reporters.JUnitReportReporter -->
<testsuite hostname="LAPTOP-2VB02BGJ" failures="0" tests="3" name="JobsApi.jobs_ApiPut" time="3.846" errors="0" timestamp="2022-03-14T22:42:30 CDT" skipped="0">
  <testcase classname="JobsApi.jobs_ApiPut" name="ReadExcelData" time="3.007"/>
  <system-out/>
  <testcase classname="JobsApi.jobs_ApiPut" name="ReadExcelData" time="0.601"/>
  <system-out/>
  <testcase classname="JobsApi.jobs_ApiPut" name="ReadExcelData" time="0.238"/>
  <system-out/>
</testsuite> <!-- JobsApi.jobs_ApiPut -->
