<?xml version="1.0" encoding="UTF-8"?>
<!-- Generated by org.testng.reporters.JUnitReportReporter -->
<testsuite hostname="LAPTOP-2VB02BGJ" failures="0" tests="4" name="JobsApi.jobsapipostrequest" time="2.910" errors="0" timestamp="2022-03-14T10:08:52 CDT" skipped="0">
  <testcase classname="JobsApi.jobsapipostrequest" name="ReadExcelData" time="0.217"/>
  <system-out/>
  <testcase classname="JobsApi.jobsapipostrequest" name="ReadExcelData" time="0.254"/>
  <system-out/>
  <testcase classname="JobsApi.jobsapipostrequest" name="ReadExcelData" time="0.245"/>
  <system-out/>
  <testcase classname="JobsApi.jobsapipostrequest" name="ReadExcelData" time="2.194"/>
  <system-out/>
</testsuite> <!-- JobsApi.jobsapipostrequest -->
